2022-11-09 22:05:22,915	INFO	预约成功
2024-02-12 22:12:46,501	INFO	存在黑名单用户，不可执行预约操作
2024-02-12 22:12:46,501	ERROR	An error occurred: 存在黑名单用户，不可执行预约操作
2024-02-13 22:15:21,073	INFO	预约成功
2024-02-14 22:13:13,470	INFO	预约成功
2024-02-15 22:13:20,058	INFO	预约成功<br/>您已违约1次,详情请登录web端或联系管理员
2024-02-16 22:13:11,887	INFO	预约成功<br/>您已违约2次,详情请登录web端或联系管理员
2024-02-17 22:14:19,159	INFO	存在黑名单用户，不可执行预约操作
2024-02-17 22:14:19,159	ERROR	An error occurred: 存在黑名单用户，不可执行预约操作
2024-02-18 22:14:27,598	INFO	存在黑名单用户，不可执行预约操作
2024-02-18 22:14:27,599	ERROR	An error occurred: 存在黑名单用户，不可执行预约操作
2024-02-19 22:13:53,757	INFO	存在黑名单用户，不可执行预约操作
2024-02-19 22:13:53,757	ERROR	An error occurred: 存在黑名单用户，不可执行预约操作
2024-02-20 22:13:07,099	INFO	预约成功
2024-02-21 22:12:51,828	INFO	当前用户在该时段已存在预约，不可重复预约
2024-02-21 22:12:51,828	ERROR	An error occurred: 当前用户在该时段已存在预约，不可重复预约
2024-02-22 22:13:06,382	INFO	当前用户在该时段已存在预约，不可重复预约
2024-02-22 22:13:06,382	ERROR	An error occurred: 当前用户在该时段已存在预约，不可重复预约
2024-02-23 22:12:44,492	INFO	当前用户在该时段已存在预约，不可重复预约
2024-02-23 22:12:44,492	ERROR	An error occurred: 当前用户在该时段已存在预约，不可重复预约
2024-02-24 22:13:05,445	INFO	存在黑名单用户，不可执行预约操作
2024-02-24 22:13:05,445	ERROR	An error occurred: 存在黑名单用户，不可执行预约操作
2024-02-25 22:13:24,061	INFO	存在黑名单用户，不可执行预约操作
2024-02-25 22:13:24,061	ERROR	An error occurred: 存在黑名单用户，不可执行预约操作
2024-02-26 22:14:19,767	INFO	存在黑名单用户，不可执行预约操作
2024-02-26 22:14:19,767	ERROR	An error occurred: 存在黑名单用户，不可执行预约操作
2024-02-27 22:14:43,160	INFO	当前用户在该时段已存在预约，不可重复预约
2024-02-27 22:14:43,160	ERROR	An error occurred: 当前用户在该时段已存在预约，不可重复预约
2024-02-28 22:12:44,826	INFO	当前用户在该时段已存在预约，不可重复预约
2024-02-28 22:12:44,826	ERROR	An error occurred: 当前用户在该时段已存在预约，不可重复预约
2024-02-29 22:12:39,003	INFO	当前用户在该时段已存在预约，不可重复预约
2024-02-29 22:12:39,003	ERROR	An error occurred: 当前用户在该时段已存在预约，不可重复预约
2024-03-01 22:12:59,895	INFO	当前用户在该时段已存在预约，不可重复预约
2024-03-01 22:12:59,895	ERROR	An error occurred: 当前用户在该时段已存在预约，不可重复预约
2024-03-02 22:13:12,248	INFO	存在黑名单用户，不可执行预约操作
2024-03-02 22:13:12,248	ERROR	An error occurred: 存在黑名单用户，不可执行预约操作
2024-03-03 22:12:13,675	INFO	存在黑名单用户，不可执行预约操作
2024-03-03 22:12:13,675	ERROR	An error occurred: 存在黑名单用户，不可执行预约操作
2024-03-04 22:12:42,275	INFO	存在黑名单用户，不可执行预约操作
2024-03-04 22:12:42,276	ERROR	An error occurred: 存在黑名单用户，不可执行预约操作
2024-03-05 22:12:59,430	INFO	当前用户在该时段已存在预约，不可重复预约
2024-03-05 22:12:59,430	ERROR	An error occurred: 当前用户在该时段已存在预约，不可重复预约
2024-03-06 22:14:00,591	INFO	当前用户在该时段已存在预约，不可重复预约
2024-03-06 22:14:00,591	ERROR	An error occurred: 当前用户在该时段已存在预约，不可重复预约
2024-03-07 22:13:10,850	INFO	当前用户在该时段已存在预约，不可重复预约
2024-03-07 22:13:10,850	ERROR	An error occurred: 当前用户在该时段已存在预约，不可重复预约
2024-03-08 22:14:57,581	INFO	当前用户在该时段已存在预约，不可重复预约
2024-03-08 22:14:57,581	ERROR	An error occurred: 当前用户在该时段已存在预约，不可重复预约
2024-03-09 22:13:58,997	INFO	存在黑名单用户，不可执行预约操作
2024-03-09 22:13:58,997	ERROR	An error occurred: 存在黑名单用户，不可执行预约操作
2024-03-10 22:14:07,697	INFO	存在黑名单用户，不可执行预约操作
2024-03-10 22:14:07,697	ERROR	An error occurred: 存在黑名单用户，不可执行预约操作
2025-07-22 10:11:24,427	INFO	预约成功<br/>您已违约2次,详情请登录web端或联系管理员
2025-07-22 22:22:26,914	INFO	预约成功<br/>您已违约2次,详情请登录web端或联系管理员
2025-07-23 22:22:43,705	INFO	预约成功<br/>您已违约2次,详情请登录web端或联系管理员
2025-07-24 22:22:47,812	INFO	该空间当前状态不可预约
2025-07-24 22:22:47,812	ERROR	An error occurred: 该空间当前状态不可预约
2025-07-24 22:33:37,132	INFO	该空间当前状态不可预约
2025-07-24 22:33:37,132	ERROR	An error occurred: 该空间当前状态不可预约
2025-07-25 22:21:53,733	INFO	预约成功
2025-07-25 22:33:00,034	INFO	该空间当前状态不可预约
2025-07-25 22:33:00,034	ERROR	An error occurred: 该空间当前状态不可预约
2025-07-26 22:21:10,715	INFO	预约成功
2025-07-26 22:32:01,943	INFO	该空间当前状态不可预约
2025-07-26 22:32:01,943	ERROR	An error occurred: 该空间当前状态不可预约
2025-07-27 22:21:35,213	INFO	预约成功<br/>您已违约1次,详情请登录web端或联系管理员
2025-07-27 22:32:24,948	INFO	该空间当前状态不可预约
2025-07-27 22:32:24,948	ERROR	An error occurred: 该空间当前状态不可预约
2025-07-28 22:24:16,815	INFO	预约成功<br/>您已违约1次,详情请登录web端或联系管理员
2025-07-28 22:35:14,615	INFO	该空间当前状态不可预约
2025-07-28 22:35:14,616	ERROR	An error occurred: 该空间当前状态不可预约
2025-07-29 22:23:05,840	INFO	预约成功<br/>您已违约1次,详情请登录web端或联系管理员
2025-07-29 22:34:08,859	INFO	该空间当前状态不可预约
2025-07-29 22:34:08,859	ERROR	An error occurred: 该空间当前状态不可预约
2025-07-30 22:22:53,178	INFO	预约成功<br/>您已违约1次,详情请登录web端或联系管理员
2025-07-30 22:33:48,869	INFO	该空间当前状态不可预约
2025-07-30 22:33:48,870	ERROR	An error occurred: 该空间当前状态不可预约
2025-07-31 22:22:43,283	INFO	预约成功
2025-07-31 22:33:35,664	INFO	该空间当前状态不可预约
2025-07-31 22:33:35,665	ERROR	An error occurred: 该空间当前状态不可预约
2025-08-01 22:22:33,291	INFO	预约成功<br/>您已违约1次,详情请登录web端或联系管理员
2025-08-01 22:33:32,621	INFO	该空间当前状态不可预约
2025-08-01 22:33:32,621	ERROR	An error occurred: 该空间当前状态不可预约
2025-08-02 22:21:34,201	INFO	预约成功<br/>您已违约1次,详情请登录web端或联系管理员
2025-08-02 22:32:29,165	INFO	该空间当前状态不可预约
2025-08-02 22:32:29,166	ERROR	An error occurred: 该空间当前状态不可预约
2025-08-03 22:22:06,354	INFO	预约成功<br/>您已违约1次,详情请登录web端或联系管理员
2025-08-03 22:33:15,424	INFO	该空间当前状态不可预约
2025-08-03 22:33:15,425	ERROR	An error occurred: 该空间当前状态不可预约
2025-08-04 22:23:32,144	INFO	预约成功<br/>您已违约1次,详情请登录web端或联系管理员
2025-08-04 22:34:45,643	INFO	该空间当前状态不可预约
2025-08-04 22:34:45,643	ERROR	An error occurred: 该空间当前状态不可预约
2025-08-05 22:23:55,374	INFO	预约成功<br/>您已违约1次,详情请登录web端或联系管理员
2025-08-05 22:34:58,662	INFO	该空间当前状态不可预约
2025-08-05 22:34:58,663	ERROR	An error occurred: 该空间当前状态不可预约
2025-08-06 22:24:07,944	INFO	预约成功<br/>您已违约1次,详情请登录web端或联系管理员
2025-08-06 22:34:24,065	INFO	该空间当前状态不可预约
2025-08-06 22:34:24,065	ERROR	An error occurred: 该空间当前状态不可预约
2025-08-07 22:23:33,064	INFO	预约成功
2025-08-07 22:34:28,411	INFO	该空间当前状态不可预约
2025-08-07 22:34:28,412	ERROR	An error occurred: 该空间当前状态不可预约
2025-08-08 22:21:19,730	INFO	预约成功
2025-08-08 22:32:21,119	INFO	该空间当前状态不可预约
2025-08-08 22:32:21,120	ERROR	An error occurred: 该空间当前状态不可预约
2025-08-09 22:20:56,642	INFO	预约成功
2025-08-09 22:31:39,922	INFO	该空间当前状态不可预约
2025-08-09 22:31:39,923	ERROR	An error occurred: 该空间当前状态不可预约
2025-08-10 22:20:50,247	INFO	预约成功
2025-08-10 22:31:30,252	INFO	该空间当前状态不可预约
2025-08-10 22:31:30,252	ERROR	An error occurred: 该空间当前状态不可预约
2025-08-11 22:20:59,282	INFO	预约成功
2025-08-11 22:31:40,619	INFO	该空间当前状态不可预约
2025-08-11 22:31:40,619	ERROR	An error occurred: 该空间当前状态不可预约
2025-08-12 22:20:44,543	INFO	预约成功
2025-08-12 22:31:06,068	INFO	该空间当前状态不可预约
2025-08-12 22:31:06,068	ERROR	An error occurred: 该空间当前状态不可预约
2025-08-13 22:21:09,922	INFO	预约成功
2025-08-13 22:30:09,661	INFO	该空间当前状态不可预约
2025-08-13 22:30:09,661	ERROR	An error occurred: 该空间当前状态不可预约
2025-08-14 22:20:55,934	INFO	预约成功
2025-08-14 22:31:36,295	INFO	该空间当前状态不可预约
2025-08-14 22:31:36,295	ERROR	An error occurred: 该空间当前状态不可预约
2025-08-15 22:21:00,136	INFO	预约成功<br/>您已违约1次,详情请登录web端或联系管理员
2025-08-15 22:31:50,993	INFO	该空间当前状态不可预约
2025-08-15 22:31:50,993	ERROR	An error occurred: 该空间当前状态不可预约
2025-08-16 22:20:20,393	INFO	预约成功<br/>您已违约1次,详情请登录web端或联系管理员
2025-08-16 22:29:50,263	INFO	该空间当前状态不可预约
2025-08-16 22:29:50,264	ERROR	An error occurred: 该空间当前状态不可预约
2025-08-17 22:20:26,452	INFO	预约成功<br/>您已违约2次,详情请登录web端或联系管理员
2025-08-17 22:31:00,775	INFO	该空间当前状态不可预约
2025-08-17 22:31:00,775	ERROR	An error occurred: 该空间当前状态不可预约
2025-08-18 22:18:14,680	INFO	预约成功<br/>您已违约2次,详情请登录web端或联系管理员
2025-08-18 22:28:42,502	INFO	该空间当前状态不可预约
2025-08-18 22:28:42,502	ERROR	An error occurred: 该空间当前状态不可预约
2025-08-19 22:20:05,407	INFO	预约成功<br/>您已违约2次,详情请登录web端或联系管理员
2025-08-19 22:29:49,583	INFO	该空间当前状态不可预约
2025-08-19 22:29:49,583	ERROR	An error occurred: 该空间当前状态不可预约
2025-08-20 22:19:03,131	INFO	预约成功<br/>您已违约2次,详情请登录web端或联系管理员
2025-08-20 22:28:47,164	INFO	该空间当前状态不可预约
2025-08-20 22:28:47,164	ERROR	An error occurred: 该空间当前状态不可预约
2025-08-21 22:20:39,572	INFO	预约成功<br/>您已违约2次,详情请登录web端或联系管理员
2025-08-21 22:30:35,177	INFO	该空间当前状态不可预约
2025-08-21 22:30:35,177	ERROR	An error occurred: 该空间当前状态不可预约
2025-08-22 22:19:13,139	INFO	该空间当前状态不可预约
2025-08-22 22:19:13,139	ERROR	An error occurred: 该空间当前状态不可预约
2025-08-22 22:28:58,506	INFO	该空间当前状态不可预约
2025-08-22 22:28:58,506	ERROR	An error occurred: 该空间当前状态不可预约
2025-08-23 22:18:52,489	INFO	该空间当前状态不可预约
2025-08-23 22:18:52,489	ERROR	An error occurred: 该空间当前状态不可预约
2025-08-23 22:28:07,863	INFO	该空间当前状态不可预约
2025-08-23 22:28:07,863	ERROR	An error occurred: 该空间当前状态不可预约
2025-08-24 22:19:25,407	INFO	该空间当前状态不可预约
2025-08-24 22:19:25,407	ERROR	An error occurred: 该空间当前状态不可预约
2025-08-24 22:29:02,857	INFO	该空间当前状态不可预约
2025-08-24 22:29:02,858	ERROR	An error occurred: 该空间当前状态不可预约
2025-08-25 12:16:43,753	INFO	预约成功<br/>您已违约2次,详情请登录web端或联系管理员
2025-08-25 22:20:14,713	INFO	预约成功<br/>您已违约2次,详情请登录web端或联系管理员
2025-08-25 22:29:55,125	INFO	该空间当前状态不可预约
2025-08-25 22:29:55,125	ERROR	An error occurred: 该空间当前状态不可预约
2025-08-26 22:19:30,863	INFO	预约成功<br/>您已违约2次,详情请登录web端或联系管理员
2025-08-26 22:29:07,011	INFO	该空间当前状态不可预约
2025-08-26 22:29:07,011	ERROR	An error occurred: 该空间当前状态不可预约
2025-08-27 22:19:08,126	INFO	预约成功<br/>您已违约2次,详情请登录web端或联系管理员
2025-08-27 22:28:20,131	INFO	该空间当前状态不可预约
2025-08-27 22:28:20,131	ERROR	An error occurred: 该空间当前状态不可预约
2025-08-28 22:19:22,948	INFO	预约成功<br/>您已违约2次,详情请登录web端或联系管理员
2025-08-28 22:28:25,226	INFO	该空间当前状态不可预约
2025-08-28 22:28:25,227	ERROR	An error occurred: 该空间当前状态不可预约
2025-08-29 22:19:02,363	INFO	预约成功
2025-08-29 22:27:55,083	INFO	该空间当前状态不可预约
2025-08-29 22:27:55,083	ERROR	An error occurred: 该空间当前状态不可预约
2025-08-30 22:17:57,317	INFO	预约成功
2025-08-30 22:27:05,832	INFO	该空间当前状态不可预约
2025-08-30 22:27:05,832	ERROR	An error occurred: 该空间当前状态不可预约
